[shadows-template.webflow.io/index.html]
[backblue.gif]
[fade.gif]
[index.html]
[assets.website-files.com/64d9e7b1693ca5d7a467c4b4/css/shadows-template.webflow.34b0bc978.css]
[ajax.googleapis.com/ajax/libs/webfont/1.6.26/webfont.js]
[assets.website-files.com/64d9e7b1693ca5d7a467c4b4/64ddbf9377302a0d6e1dac29_hero-image.jpg]
[assets.website-files.com/64d9e7b1693ca5d7a467c4b9/64d9e7b1693ca5d7a467c56f_blog-content.jpg]
[assets.website-files.com/64d9e7b1693ca5d7a467c4b9/64d9e7b1693ca5d7a467c557_645ce207555bac8679647a7a_blog-2.jpg]
[assets.website-files.com/64d9e7b1693ca5d7a467c4b9/64d9e7b1693ca5d7a467c4f1_645ce207555bac5e98647a78_blog-3.jpg]
[assets.website-files.com/64d9e7b1693ca5d7a467c4b9/64d9e7b1693ca5d7a467c4cc_645ce207555bacf580647a79_blog-6.jpg]
[assets.website-files.com/64d9e7b1693ca5d7a467c4b9/64d9e7b1693ca5d7a467c572_645ce207555bac32af647a7b_blog-1.jpg]
[assets.website-files.com/64d9e7b1693ca5d7a467c4b9/64d9e7b1693ca5d7a467c538_645ce207555bac2c93647a77_blog-4.jpg]
[assets.website-files.com/64d9e7b1693ca5d7a467c4b4/64d9e7b1693ca5d7a467c4e2_testimonial-4.png]
[assets.website-files.com/64d9e7b1693ca5d7a467c4b4/64d9e7b1693ca5d7a467c4f7_testimonial-2.png]
[assets.website-files.com/64d9e7b1693ca5d7a467c4b4/64d9e7b1693ca5d7a467c4f3_testimonial-3.png]
[assets.website-files.com/64d9e7b1693ca5d7a467c4b4/64d9e7b1693ca5d7a467c4df_testimonial-1.png]
[d3e54v103j8qbb.cloudfront.net/js/jquery-3.5.1.min.dc5e7f18c82b48.js]
[shadows-template.webflow.io/index.html]
[assets.website-files.com/64d9e7b1693ca5d7a467c4b4/js/webflow.8ea37abc6.js]
[assets.website-files.com/64d9e7b1693ca5d7a467c4b4/64d9e7b1693ca5d7a467c4f9_noice.gif]
[assets.website-files.com/64d9e7b1693ca5d7a467c4b4/css/shadows-template.webflow.34b0bc978.css]
[shadows-template.webflow.io/about.html]
[shadows-template.webflow.io/blog.html]
[shadows-template.webflow.io/careers.html]
[shadows-template.webflow.io/blog/staying-ahead-in-a-dynamic-landscape.html]
[shadows-template.webflow.io/blog-post-categories/content.html]
[shadows-template.webflow.io/services.html]
[shadows-template.webflow.io/services/email-marketing.html]
[shadows-template.webflow.io/pricing.html]
[shadows-template.webflow.io/product/enterprise.html]
[shadows-template.webflow.io/case-studies.html]
[shadows-template.webflow.io/case-studies/maximizing-and-expanding-booking-growth-with-targeted-facebook-ads.html]
[shadows-template.webflow.io/gallery.html]
[shadows-template.webflow.io/checkout.html]
[shadows-template.webflow.io/contact.html]
[shadows-template.webflow.io/blog/mastering-web-development-tips-tricks-and-insights.html]
[shadows-template.webflow.io/blog/unveiling-the-secrets-of-successful-web-development.html]
[shadows-template.webflow.io/blog/web-development-trends-whats-hot-in-2025-and-beyond.html]
[shadows-template.webflow.io/blog/innovative-web-design-creating-visually-stunning-sites.html]
[shadows-template.webflow.io/blog/responsive-web-design-crafting-sites-for-every-device.html]
[shadows-template.webflow.io/blog/web-security-best-practices-protecting-your-site.html]
[shadows-template.webflow.io/services/web-development.html]
[shadows-template.webflow.io/services/e-commerce.html]
[shadows-template.webflow.io/services/ui-ux-design.html]
[shadows-template.webflow.io/services/funnel-optimization.html]
[shadows-template.webflow.io/services/seo-optimization.html]
[shadows-template.webflow.io/services/social-media-advertising.html]
[shadows-template.webflow.io/case-studies/building-a-robust-online-platform-a-web-development-journey.html]
[shadows-template.webflow.io/admin/style-guide.html]
[shadows-template.webflow.io/admin/licenses.html]
[shadows-template.webflow.io/admin/changelog.html]
[shadows-template.webflow.io/401.html]
[shadows-template.webflow.io/404.html]
